Determining if the pthread_create exist failed with the following output:
Change Dir: /root/OPENCOG/atomspace/build/CMakeFiles/CMakeTmp

Run Build Command:"/usr/bin/make" "cmTC_e3397/fast"
/usr/bin/make -f CMakeFiles/cmTC_e3397.dir/build.make CMakeFiles/cmTC_e3397.dir/build
make[1]: Entering directory '/root/OPENCOG/atomspace/build/CMakeFiles/CMakeTmp'
Building C object CMakeFiles/cmTC_e3397.dir/CheckSymbolExists.c.o
/usr/bin/cc    -Wall -fPIC    -o CMakeFiles/cmTC_e3397.dir/CheckSymbolExists.c.o   -c /root/OPENCOG/atomspace/build/CMakeFiles/CMakeTmp/CheckSymbolExists.c
Linking C executable cmTC_e3397
/usr/bin/cmake -E cmake_link_script CMakeFiles/cmTC_e3397.dir/link.txt --verbose=1
/usr/bin/cc  -Wall -fPIC     CMakeFiles/cmTC_e3397.dir/CheckSymbolExists.c.o  -o cmTC_e3397 -rdynamic 
CMakeFiles/cmTC_e3397.dir/CheckSymbolExists.c.o: na função `main':
CheckSymbolExists.c:(.text+0x1b): referência indefinida para `pthread_create'
collect2: error: ld returned 1 exit status
CMakeFiles/cmTC_e3397.dir/build.make:97: recipe for target 'cmTC_e3397' failed
make[1]: *** [cmTC_e3397] Error 1
make[1]: Leaving directory '/root/OPENCOG/atomspace/build/CMakeFiles/CMakeTmp'
Makefile:126: recipe for target 'cmTC_e3397/fast' failed
make: *** [cmTC_e3397/fast] Error 2

File /root/OPENCOG/atomspace/build/CMakeFiles/CMakeTmp/CheckSymbolExists.c:
/* */
#include <pthread.h>

int main(int argc, char** argv)
{
  (void)argv;
#ifndef pthread_create
  return ((int*)(&pthread_create))[argc];
#else
  (void)argc;
  return 0;
#endif
}

Determining if the function pthread_create exists in the pthreads failed with the following output:
Change Dir: /root/OPENCOG/atomspace/build/CMakeFiles/CMakeTmp

Run Build Command:"/usr/bin/make" "cmTC_33abe/fast"
/usr/bin/make -f CMakeFiles/cmTC_33abe.dir/build.make CMakeFiles/cmTC_33abe.dir/build
make[1]: Entering directory '/root/OPENCOG/atomspace/build/CMakeFiles/CMakeTmp'
Building C object CMakeFiles/cmTC_33abe.dir/CheckFunctionExists.c.o
/usr/bin/cc    -Wall -fPIC -DCHECK_FUNCTION_EXISTS=pthread_create   -o CMakeFiles/cmTC_33abe.dir/CheckFunctionExists.c.o   -c /usr/share/cmake-3.5/Modules/CheckFunctionExists.c
Linking C executable cmTC_33abe
/usr/bin/cmake -E cmake_link_script CMakeFiles/cmTC_33abe.dir/link.txt --verbose=1
/usr/bin/cc  -Wall -fPIC -DCHECK_FUNCTION_EXISTS=pthread_create    CMakeFiles/cmTC_33abe.dir/CheckFunctionExists.c.o  -o cmTC_33abe -rdynamic -lpthreads 
/usr/bin/ld: não foi possível encontrar -lpthreads
collect2: error: ld returned 1 exit status
CMakeFiles/cmTC_33abe.dir/build.make:97: recipe for target 'cmTC_33abe' failed
make[1]: *** [cmTC_33abe] Error 1
make[1]: Leaving directory '/root/OPENCOG/atomspace/build/CMakeFiles/CMakeTmp'
Makefile:126: recipe for target 'cmTC_33abe/fast' failed
make: *** [cmTC_33abe/fast] Error 2


